[debug] ----------------------------------------------------------------------
[debug] Command:      /Users/callanmorrison/.nvm/versions/node/v6.4.0/bin/node /Users/callanmorrison/.nvm/versions/node/v6.4.0/bin/firebase deploy
[debug] CLI Version:  3.0.7
[debug] Platform:     darwin
[debug] Node Version: v6.4.0
[debug] Time:         Sun Jan 01 2017 21:07:56 GMT-0600 (CST)
[debug] ----------------------------------------------------------------------
[debug] 
[debug] > command requires scopes: ["email","openid","https://www.googleapis.com/auth/cloudplatformprojects.readonly","https://www.googleapis.com/auth/firebase"]
[debug] >>> HTTP REQUEST GET https://admin.firebase.com/v1/projects/classwebsitee3 
[debug] <<< HTTP RESPONSE 200
[debug] >>> HTTP REQUEST GET https://admin.firebase.com/v1/database/classwebsitee3/tokens 
[debug] <<< HTTP RESPONSE 200
[info] 
[info] === Deploying to 'classwebsitee3'...
[info] 
[info] i  deploying hosting
[info] ✔  database: rules ready to deploy.
[info] i  hosting: preparing public directory for upload...
[debug] >>> HTTP REQUEST PUT https://deploy.firebase.com/v1/hosting/classwebsitee3/uploads/-K_S8S_HrBahmA2wFkJU?fileCount=11216&message= 
